Release 14.7 - xst P.20160913 (lin64)
Copyright (c) 1995-2013 Xilinx, Inc.  All rights reserved.
--> 
Parameter TMPDIR set to xst/projnav.tmp


Total REAL time to Xst completion: 0.00 secs
Total CPU time to Xst completion: 0.07 secs
 
--> 
Parameter xsthdpdir set to xst


Total REAL time to Xst completion: 0.00 secs
Total CPU time to Xst completion: 0.07 secs
 
--> 
Reading design: topmodulL.prj

TABLE OF CONTENTS
  1) Synthesis Options Summary
  2) HDL Parsing
  3) HDL Elaboration
  4) HDL Synthesis
       4.1) HDL Synthesis Report
  5) Advanced HDL Synthesis
       5.1) Advanced HDL Synthesis Report
  6) Low Level Synthesis
  7) Partition Report
  8) Design Summary
       8.1) Primitive and Black Box Usage
       8.2) Device utilization summary
       8.3) Partition Resource Summary
       8.4) Timing Report
            8.4.1) Clock Information
            8.4.2) Asynchronous Control Signals Information
            8.4.3) Timing Summary
            8.4.4) Timing Details
            8.4.5) Cross Clock Domains Report


=========================================================================
*                      Synthesis Options Summary                        *
=========================================================================
---- Source Parameters
Input File Name                    : "topmodulL.prj"
Ignore Synthesis Constraint File   : NO

---- Target Parameters
Output File Name                   : "topmodulL"
Output Format                      : NGC
Target Device                      : xc6slx9-3-ftg256

---- Source Options
Top Module Name                    : topmodulL
Automatic FSM Extraction           : YES
FSM Encoding Algorithm             : Auto
Safe Implementation                : No
FSM Style                          : LUT
RAM Extraction                     : Yes
RAM Style                          : Auto
ROM Extraction                     : Yes
Shift Register Extraction          : YES
ROM Style                          : Auto
Resource Sharing                   : YES
Asynchronous To Synchronous        : NO
Shift Register Minimum Size        : 2
Use DSP Block                      : Auto
Automatic Register Balancing       : No

---- Target Options
LUT Combining                      : Auto
Reduce Control Sets                : Auto
Add IO Buffers                     : YES
Global Maximum Fanout              : 100000
Add Generic Clock Buffer(BUFG)     : 16
Register Duplication               : YES
Optimize Instantiated Primitives   : NO
Use Clock Enable                   : Auto
Use Synchronous Set                : Auto
Use Synchronous Reset              : Auto
Pack IO Registers into IOBs        : Auto
Equivalent register Removal        : YES

---- General Options
Optimization Goal                  : Speed
Optimization Effort                : 1
Power Reduction                    : NO
Keep Hierarchy                     : No
Netlist Hierarchy                  : As_Optimized
RTL Output                         : Yes
Global Optimization                : AllClockNets
Read Cores                         : YES
Write Timing Constraints           : NO
Cross Clock Analysis               : NO
Hierarchy Separator                : /
Bus Delimiter                      : <>
Case Specifier                     : Maintain
Slice Utilization Ratio            : 100
BRAM Utilization Ratio             : 100
DSP48 Utilization Ratio            : 100
Auto BRAM Packing                  : NO
Slice Utilization Ratio Delta      : 5

=========================================================================


=========================================================================
*                          HDL Parsing                                  *
=========================================================================
Analyzing Verilog file "/home/ise/Desktop/djordje_ilic_648_projekat/koder.v" into library work
Parsing module <koder>.
Parsing module <dekoder>.
Parsing module <topmodulL>.

=========================================================================
*                            HDL Elaboration                            *
=========================================================================
WARNING:HDLCompiler:1016 - "/home/ise/Desktop/djordje_ilic_648_projekat/koder.v" Line 81: Port indeks is not connected to this instance
WARNING:HDLCompiler:1016 - "/home/ise/Desktop/djordje_ilic_648_projekat/koder.v" Line 82: Port ime is not connected to this instance
WARNING:HDLCompiler:1016 - "/home/ise/Desktop/djordje_ilic_648_projekat/koder.v" Line 84: Port ulaz_2 is not connected to this instance
WARNING:HDLCompiler:1016 - "/home/ise/Desktop/djordje_ilic_648_projekat/koder.v" Line 85: Port ulaz_1 is not connected to this instance

Elaborating module <topmodulL>.

Elaborating module <koder>.
WARNING:HDLCompiler:413 - "/home/ise/Desktop/djordje_ilic_648_projekat/koder.v" Line 42: Result of 33-bit expression is truncated to fit in 13-bit target.

Elaborating module <dekoder>.
WARNING:HDLCompiler:413 - "/home/ise/Desktop/djordje_ilic_648_projekat/koder.v" Line 58: Result of 41-bit expression is truncated to fit in 40-bit target.
WARNING:HDLCompiler:413 - "/home/ise/Desktop/djordje_ilic_648_projekat/koder.v" Line 60: Result of 41-bit expression is truncated to fit in 40-bit target.
WARNING:HDLCompiler:413 - "/home/ise/Desktop/djordje_ilic_648_projekat/koder.v" Line 63: Result of 32-bit expression is truncated to fit in 12-bit target.
WARNING:HDLCompiler:413 - "/home/ise/Desktop/djordje_ilic_648_projekat/koder.v" Line 65: Result of 32-bit expression is truncated to fit in 12-bit target.
WARNING:HDLCompiler:552 - "/home/ise/Desktop/djordje_ilic_648_projekat/koder.v" Line 81: Input port indeks[11] is not connected on this instance
WARNING:HDLCompiler:552 - "/home/ise/Desktop/djordje_ilic_648_projekat/koder.v" Line 82: Input port ime[39] is not connected on this instance
WARNING:HDLCompiler:552 - "/home/ise/Desktop/djordje_ilic_648_projekat/koder.v" Line 84: Input port ulaz_2[12] is not connected on this instance
WARNING:HDLCompiler:552 - "/home/ise/Desktop/djordje_ilic_648_projekat/koder.v" Line 85: Input port ulaz_1[40] is not connected on this instance

=========================================================================
*                           HDL Synthesis                               *
=========================================================================

Synthesizing Unit <topmodulL>.
    Related source file is "/home/ise/Desktop/djordje_ilic_648_projekat/koder.v".
WARNING:Xst:2898 - Port 'indeks', unconnected in block instance 'u1', is tied to GND.
WARNING:Xst:2898 - Port 'ime', unconnected in block instance 'u2', is tied to GND.
WARNING:Xst:2898 - Port 'ulaz_2', unconnected in block instance 'u3', is tied to GND.
WARNING:Xst:2898 - Port 'ulaz_1', unconnected in block instance 'u4', is tied to GND.
INFO:Xst:3210 - "/home/ise/Desktop/djordje_ilic_648_projekat/koder.v" line 81: Output port <izlaz_2> of the instance <u1> is unconnected or connected to loadless signal.
INFO:Xst:3210 - "/home/ise/Desktop/djordje_ilic_648_projekat/koder.v" line 82: Output port <izlaz_1> of the instance <u2> is unconnected or connected to loadless signal.
INFO:Xst:3210 - "/home/ise/Desktop/djordje_ilic_648_projekat/koder.v" line 84: Output port <izlaz2_dec> of the instance <u3> is unconnected or connected to loadless signal.
INFO:Xst:3210 - "/home/ise/Desktop/djordje_ilic_648_projekat/koder.v" line 85: Output port <izlaz1_dec> of the instance <u4> is unconnected or connected to loadless signal.
    Summary:
	no macro.
Unit <topmodulL> synthesized.

Synthesizing Unit <koder>.
    Related source file is "/home/ise/Desktop/djordje_ilic_648_projekat/koder.v".
    Found 40-bit adder for signal <ime[39]_GND_2_o_add_1_OUT> created at line 31.
    Found 40-bit adder for signal <ime[39]_GND_2_o_add_2_OUT> created at line 35.
    Found 13-bit adder for signal <n0021> created at line 39.
    Found 13-bit adder for signal <n0020> created at line 42.
    Summary:
	inferred   3 Adder/Subtractor(s).
	inferred   2 Multiplexer(s).
Unit <koder> synthesized.

Synthesizing Unit <dekoder>.
    Related source file is "/home/ise/Desktop/djordje_ilic_648_projekat/koder.v".
    Found 40-bit subtractor for signal <ulaz_1[40]_GND_3_o_sub_2_OUT<39:0>> created at line 58.
    Found 40-bit subtractor for signal <ulaz_1[40]_GND_3_o_sub_3_OUT<39:0>> created at line 60.
    Found 12-bit subtractor for signal <GND_3_o_GND_3_o_sub_6_OUT<11:0>> created at line 63.
    Found 12-bit subtractor for signal <GND_3_o_GND_3_o_sub_7_OUT<11:0>> created at line 65.
    Summary:
	inferred   2 Adder/Subtractor(s).
	inferred   2 Multiplexer(s).
Unit <dekoder> synthesized.

=========================================================================
HDL Synthesis Report

Macro Statistics
# Adders/Subtractors                                   : 10
 12-bit subtractor                                     : 2
 13-bit adder                                          : 2
 40-bit adder                                          : 4
 40-bit subtractor                                     : 2
# Multiplexers                                         : 8
 12-bit 2-to-1 multiplexer                             : 2
 13-bit 2-to-1 multiplexer                             : 2
 40-bit 2-to-1 multiplexer                             : 2
 41-bit 2-to-1 multiplexer                             : 2

=========================================================================
INFO:Xst:1767 - HDL ADVISOR - Resource sharing has identified that some arithmetic operations in this design can share the same physical resources for reduced device utilization. For improved clock frequency you may try to disable resource sharing.

=========================================================================
*                       Advanced HDL Synthesis                          *
=========================================================================


=========================================================================
Advanced HDL Synthesis Report

Macro Statistics
# Adders/Subtractors                                   : 5
 12-bit subtractor                                     : 1
 13-bit adder                                          : 1
 40-bit adder                                          : 2
 40-bit subtractor                                     : 1
# Multiplexers                                         : 4
 12-bit 2-to-1 multiplexer                             : 1
 13-bit 2-to-1 multiplexer                             : 1
 40-bit 2-to-1 multiplexer                             : 1
 41-bit 2-to-1 multiplexer                             : 1

=========================================================================

=========================================================================
*                         Low Level Synthesis                           *
=========================================================================

Optimizing unit <topmodulL> ...

Mapping all equations...
Building and optimizing final netlist ...
Found area constraint ratio of 100 (+ 5) on block topmodulL, actual ratio is 3.

Final Macro Processing ...

=========================================================================
Final Register Report

Found no macro
=========================================================================

=========================================================================
*                           Partition Report                            *
=========================================================================

Partition Implementation Status
-------------------------------

  No Partitions were found in this design.

-------------------------------

=========================================================================
*                            Design Summary                             *
=========================================================================

Top Level Output File Name         : topmodulL.ngc

Primitive and Black Box Usage:
------------------------------
# BELS                             : 470
#      GND                         : 1
#      INV                         : 14
#      LUT1                        : 86
#      LUT2                        : 4
#      LUT3                        : 80
#      MUXCY                       : 140
#      VCC                         : 1
#      XORCY                       : 144
# IO Buffers                       : 158
#      IBUF                        : 52
#      OBUF                        : 106

Device utilization summary:
---------------------------

Selected Device : 6slx9ftg256-3 


Slice Logic Utilization: 
 Number of Slice LUTs:                  184  out of   5720     3%  
    Number used as Logic:               184  out of   5720     3%  

Slice Logic Distribution: 
 Number of LUT Flip Flop pairs used:    184
   Number with an unused Flip Flop:     184  out of    184   100%  
   Number with an unused LUT:             0  out of    184     0%  
   Number of fully used LUT-FF pairs:     0  out of    184     0%  
   Number of unique control sets:         0

IO Utilization: 
 Number of IOs:                         158
 Number of bonded IOBs:                 158  out of    186    84%  

Specific Feature Utilization:

---------------------------
Partition Resource Summary:
---------------------------

  No Partitions were found in this design.

---------------------------


=========================================================================
Timing Report

NOTE: THESE TIMING NUMBERS ARE ONLY A SYNTHESIS ESTIMATE.
      FOR ACCURATE TIMING INFORMATION PLEASE REFER TO THE TRACE REPORT
      GENERATED AFTER PLACE-and-ROUTE.

Clock Information:
------------------
No clock signals found in this design

Asynchronous Control Signals Information:
----------------------------------------
No asynchronous control signals found in this design

Timing Summary:
---------------
Speed Grade: -3

   Minimum period: No path found
   Minimum input arrival time before clock: No path found
   Maximum output required time after clock: No path found
   Maximum combinational path delay: 9.226ns

Timing Details:
---------------
All values displayed in nanoseconds (ns)

=========================================================================
Timing constraint: Default path analysis
  Total number of paths / destination ports: 27049 / 106
-------------------------------------------------------------------------
Delay:               9.226ns (Levels of Logic = 45)
  Source:            ulaz_koder<0> (PAD)
  Destination:       izlaz_dekoder<39> (PAD)

  Data Path: ulaz_koder<0> to izlaz_dekoder<39>
                                Gate     Net
    Cell:in->out      fanout   Delay   Delay  Logical Name (Net Name)
    ----------------------------------------  ------------
     IBUF:I->O            83   1.222   1.765  ulaz_koder_0_IBUF (izlaz_koder_40_OBUF)
     INV:I->O              1   0.206   0.000  u1/Madd_ime[39]_GND_2_o_add_2_OUT_lut<0>1_INV_0 (u1/Madd_ime[39]_GND_2_o_add_2_OUT_lut<0>1)
     MUXCY:S->O            1   0.172   0.000  u1/Madd_ime[39]_GND_2_o_add_2_OUT_cy<0> (u1/Madd_ime[39]_GND_2_o_add_2_OUT_cy<0>)
     MUXCY:CI->O           1   0.019   0.000  u1/Madd_ime[39]_GND_2_o_add_2_OUT_cy<1> (u1/Madd_ime[39]_GND_2_o_add_2_OUT_cy<1>)
     XORCY:CI->O           2   0.180   0.721  u1/Madd_ime[39]_GND_2_o_add_2_OUT_xor<2> (u1/ime[39]_GND_2_o_add_2_OUT<2>)
     LUT3:I1->O            1   0.203   0.579  u1/Mmux_izlaz_1231 (izlaz_koder_2_OBUF)
     MUXCY:DI->O           1   0.145   0.000  u3/Mmux_izlaz1_dec_rs_cy<2> (u3/Mmux_izlaz1_dec_rs_cy<2>)
     MUXCY:CI->O           1   0.019   0.000  u3/Mmux_izlaz1_dec_rs_cy<3> (u3/Mmux_izlaz1_dec_rs_cy<3>)
     MUXCY:CI->O           1   0.019   0.000  u3/Mmux_izlaz1_dec_rs_cy<4> (u3/Mmux_izlaz1_dec_rs_cy<4>)
     MUXCY:CI->O           1   0.019   0.000  u3/Mmux_izlaz1_dec_rs_cy<5> (u3/Mmux_izlaz1_dec_rs_cy<5>)
     MUXCY:CI->O           1   0.019   0.000  u3/Mmux_izlaz1_dec_rs_cy<6> (u3/Mmux_izlaz1_dec_rs_cy<6>)
     MUXCY:CI->O           1   0.019   0.000  u3/Mmux_izlaz1_dec_rs_cy<7> (u3/Mmux_izlaz1_dec_rs_cy<7>)
     MUXCY:CI->O           1   0.019   0.000  u3/Mmux_izlaz1_dec_rs_cy<8> (u3/Mmux_izlaz1_dec_rs_cy<8>)
     MUXCY:CI->O           1   0.019   0.000  u3/Mmux_izlaz1_dec_rs_cy<9> (u3/Mmux_izlaz1_dec_rs_cy<9>)
     MUXCY:CI->O           1   0.019   0.000  u3/Mmux_izlaz1_dec_rs_cy<10> (u3/Mmux_izlaz1_dec_rs_cy<10>)
     MUXCY:CI->O           1   0.019   0.000  u3/Mmux_izlaz1_dec_rs_cy<11> (u3/Mmux_izlaz1_dec_rs_cy<11>)
     MUXCY:CI->O           1   0.019   0.000  u3/Mmux_izlaz1_dec_rs_cy<12> (u3/Mmux_izlaz1_dec_rs_cy<12>)
     MUXCY:CI->O           1   0.019   0.000  u3/Mmux_izlaz1_dec_rs_cy<13> (u3/Mmux_izlaz1_dec_rs_cy<13>)
     MUXCY:CI->O           1   0.019   0.000  u3/Mmux_izlaz1_dec_rs_cy<14> (u3/Mmux_izlaz1_dec_rs_cy<14>)
     MUXCY:CI->O           1   0.019   0.000  u3/Mmux_izlaz1_dec_rs_cy<15> (u3/Mmux_izlaz1_dec_rs_cy<15>)
     MUXCY:CI->O           1   0.019   0.000  u3/Mmux_izlaz1_dec_rs_cy<16> (u3/Mmux_izlaz1_dec_rs_cy<16>)
     MUXCY:CI->O           1   0.019   0.000  u3/Mmux_izlaz1_dec_rs_cy<17> (u3/Mmux_izlaz1_dec_rs_cy<17>)
     MUXCY:CI->O           1   0.019   0.000  u3/Mmux_izlaz1_dec_rs_cy<18> (u3/Mmux_izlaz1_dec_rs_cy<18>)
     MUXCY:CI->O           1   0.019   0.000  u3/Mmux_izlaz1_dec_rs_cy<19> (u3/Mmux_izlaz1_dec_rs_cy<19>)
     MUXCY:CI->O           1   0.019   0.000  u3/Mmux_izlaz1_dec_rs_cy<20> (u3/Mmux_izlaz1_dec_rs_cy<20>)
     MUXCY:CI->O           1   0.019   0.000  u3/Mmux_izlaz1_dec_rs_cy<21> (u3/Mmux_izlaz1_dec_rs_cy<21>)
     MUXCY:CI->O           1   0.019   0.000  u3/Mmux_izlaz1_dec_rs_cy<22> (u3/Mmux_izlaz1_dec_rs_cy<22>)
     MUXCY:CI->O           1   0.019   0.000  u3/Mmux_izlaz1_dec_rs_cy<23> (u3/Mmux_izlaz1_dec_rs_cy<23>)
     MUXCY:CI->O           1   0.019   0.000  u3/Mmux_izlaz1_dec_rs_cy<24> (u3/Mmux_izlaz1_dec_rs_cy<24>)
     MUXCY:CI->O           1   0.019   0.000  u3/Mmux_izlaz1_dec_rs_cy<25> (u3/Mmux_izlaz1_dec_rs_cy<25>)
     MUXCY:CI->O           1   0.019   0.000  u3/Mmux_izlaz1_dec_rs_cy<26> (u3/Mmux_izlaz1_dec_rs_cy<26>)
     MUXCY:CI->O           1   0.019   0.000  u3/Mmux_izlaz1_dec_rs_cy<27> (u3/Mmux_izlaz1_dec_rs_cy<27>)
     MUXCY:CI->O           1   0.019   0.000  u3/Mmux_izlaz1_dec_rs_cy<28> (u3/Mmux_izlaz1_dec_rs_cy<28>)
     MUXCY:CI->O           1   0.019   0.000  u3/Mmux_izlaz1_dec_rs_cy<29> (u3/Mmux_izlaz1_dec_rs_cy<29>)
     MUXCY:CI->O           1   0.019   0.000  u3/Mmux_izlaz1_dec_rs_cy<30> (u3/Mmux_izlaz1_dec_rs_cy<30>)
     MUXCY:CI->O           1   0.019   0.000  u3/Mmux_izlaz1_dec_rs_cy<31> (u3/Mmux_izlaz1_dec_rs_cy<31>)
     MUXCY:CI->O           1   0.019   0.000  u3/Mmux_izlaz1_dec_rs_cy<32> (u3/Mmux_izlaz1_dec_rs_cy<32>)
     MUXCY:CI->O           1   0.019   0.000  u3/Mmux_izlaz1_dec_rs_cy<33> (u3/Mmux_izlaz1_dec_rs_cy<33>)
     MUXCY:CI->O           1   0.019   0.000  u3/Mmux_izlaz1_dec_rs_cy<34> (u3/Mmux_izlaz1_dec_rs_cy<34>)
     MUXCY:CI->O           1   0.019   0.000  u3/Mmux_izlaz1_dec_rs_cy<35> (u3/Mmux_izlaz1_dec_rs_cy<35>)
     MUXCY:CI->O           1   0.019   0.000  u3/Mmux_izlaz1_dec_rs_cy<36> (u3/Mmux_izlaz1_dec_rs_cy<36>)
     MUXCY:CI->O           1   0.019   0.000  u3/Mmux_izlaz1_dec_rs_cy<37> (u3/Mmux_izlaz1_dec_rs_cy<37>)
     MUXCY:CI->O           0   0.019   0.000  u3/Mmux_izlaz1_dec_rs_cy<38> (u3/Mmux_izlaz1_dec_rs_cy<38>)
     XORCY:CI->O           1   0.180   0.579  u3/Mmux_izlaz1_dec_rs_xor<39> (izlaz_dekoder_39_OBUF)
     OBUF:I->O                 2.571          izlaz_dekoder_39_OBUF (izlaz_dekoder<39>)
    ----------------------------------------
    Total                      9.226ns (5.582ns logic, 3.644ns route)
                                       (60.5% logic, 39.5% route)

=========================================================================

Cross Clock Domains Report:
--------------------------

=========================================================================


Total REAL time to Xst completion: 20.00 secs
Total CPU time to Xst completion: 17.11 secs
 
--> 


Total memory usage is 376360 kilobytes

Number of errors   :    0 (   0 filtered)
Number of warnings :   17 (   0 filtered)
Number of infos    :    5 (   0 filtered)

